SF:lib\pages\mappage.dart
DA:9,3
DA:10,1
DA:11,1
DA:18,1
DA:20,1
DA:21,1
DA:24,1
DA:26,1
DA:27,1
DA:28,1
DA:29,1
DA:33,0
DA:34,0
DA:35,0
DA:39,0
DA:40,0
DA:41,0
DA:43,0
DA:49,1
DA:53,2
DA:55,0
DA:60,0
DA:62,0
DA:63,0
DA:64,0
DA:69,0
DA:70,0
DA:71,0
DA:72,0
DA:73,0
DA:74,0
DA:75,0
DA:76,0
DA:82,0
DA:84,0
DA:85,0
DA:86,0
DA:88,0
DA:89,0
DA:90,0
DA:95,1
DA:96,1
DA:99,1
DA:102,1
DA:103,1
DA:104,1
DA:107,1
DA:108,1
DA:111,1
DA:112,1
DA:115,1
DA:116,1
DA:119,1
DA:120,1
DA:123,1
DA:124,1
DA:133,1
DA:134,1
DA:135,1
DA:138,1
DA:139,1
DA:144,1
DA:147,1
DA:148,1
DA:151,1
DA:153,1
DA:158,1
DA:159,1
DA:160,0
DA:161,1
DA:168,1
LF:71
LH:43
end_of_record
SF:lib\pages\homepage.dart
DA:6,3
DA:8,0
DA:10,0
DA:17,0
DA:19,0
DA:21,0
DA:22,0
DA:23,0
DA:26,0
DA:27,0
DA:28,0
DA:29,0
DA:30,0
DA:42,0
DA:52,0
DA:55,0
DA:58,0
DA:59,0
DA:62,0
DA:71,0
DA:73,0
DA:74,0
DA:75,0
DA:77,0
DA:78,0
DA:79,0
DA:85,0
DA:86,0
DA:89,0
DA:92,0
DA:93,0
DA:94,0
DA:96,0
DA:97,0
DA:99,0
DA:100,0
DA:102,0
DA:103,0
DA:105,0
DA:106,0
DA:108,0
DA:109,0
DA:118,0
DA:119,0
DA:120,0
DA:122,0
DA:123,0
DA:124,0
DA:126,0
DA:128,0
DA:137,0
DA:139,0
DA:140,0
DA:142,0
DA:144,0
DA:145,0
DA:146,0
DA:152,0
DA:153,0
DA:154,0
DA:155,0
DA:168,0
DA:169,0
DA:170,0
DA:173,0
DA:174,0
DA:179,0
DA:182,0
DA:183,0
DA:186,0
DA:188,0
DA:193,0
DA:194,0
DA:195,0
DA:196,0
DA:203,0
LF:76
LH:1
end_of_record
SF:lib\pages\loginpage.dart
DA:6,0
DA:8,0
DA:10,0
DA:11,0
DA:13,0
DA:14,0
DA:15,0
DA:16,0
DA:17,0
DA:18,0
DA:21,0
DA:22,0
DA:23,0
DA:24,0
DA:25,0
DA:27,0
DA:45,0
DA:47,0
DA:55,0
DA:57,0
DA:66,0
LF:21
LH:0
end_of_record
